<?xml version="1.0" encoding="UTF-8"?>
<testsuite name="webpage_LinkFinder.LinkfinderTest" tests="1" skipped="0" failures="0" errors="0" timestamp="2022-08-28T18:31:02" hostname="DESKTOP-RD18Q52" time="3.123">
  <properties/>
  <testcase name="linkfinder()" classname="webpage_LinkFinder.LinkfinderTest" time="3.123"/>
  <system-out><![CDATA[Amount of weblinks on website: 22
]]></system-out>
  <system-err><![CDATA[SLF4J: Failed to load class "org.slf4j.impl.StaticLoggerBinder".
SLF4J: Defaulting to no-operation (NOP) logger implementation
SLF4J: See http://www.slf4j.org/codes.html#StaticLoggerBinder for further details.
Starting ChromeDriver 104.0.5112.79 (3cf3e8c8a07d104b9e1260c910efb8f383285dc5-refs/branch-heads/5112@{#1307}) on port 51177
Only local connections are allowed.
Please see https://chromedriver.chromium.org/security-considerations for suggestions on keeping ChromeDriver safe.
ChromeDriver was started successfully.
Aug 28, 2022 8:31:04 PM org.openqa.selenium.remote.ProtocolHandshake createSession
INFO: Detected upstream dialect: W3C
Aug 28, 2022 8:31:04 PM org.openqa.selenium.devtools.CdpVersionFinder findNearestMatch
INFO: Found exact CDP implementation for version 104
]]></system-err>
</testsuite>
